<?xml version="1.0" encoding="UTF-8"?>
<!-- Generated by org.testng.reporters.JUnitReportReporter -->
<testsuite ignored="0" hostname="DESKTOP-EUB2AIU" failures="0" tests="1" name="testcases.FlightTests" time="14.297" errors="0" timestamp="22 Sep. 2019 22:50:35 GMT" skipped="0">
  <testcase classname="testcases.FlightTests" name="test" time="14.297"/>
</testsuite> <!-- testcases.FlightTests -->
